[debug] [2025-05-19T17:25:00.208Z] ----------------------------------------------------------------------
[debug] [2025-05-19T17:25:00.211Z] Command:       C:\Program Files\nodejs\node.exe C:\Users\uttek\AppData\Roaming\npm\node_modules\firebase-tools\lib\bin\firebase.js init hosting
[debug] [2025-05-19T17:25:00.212Z] CLI Version:   14.4.0
[debug] [2025-05-19T17:25:00.212Z] Platform:      win32
[debug] [2025-05-19T17:25:00.212Z] Node Version:  v24.0.1
[debug] [2025-05-19T17:25:00.212Z] Time:          Mon May 19 2025 22:55:00 GMT+0530 (India Standard Time)
[debug] [2025-05-19T17:25:00.212Z] ----------------------------------------------------------------------
[debug] 
[debug] [2025-05-19T17:25:00.215Z] >>> [apiv2][query] GET https://firebase-public.firebaseio.com/cli.json [none]
[debug] [2025-05-19T17:25:00.265Z] > command requires scopes: ["email","openid","https://www.googleapis.com/auth/cloudplatformprojects.readonly","https://www.googleapis.com/auth/firebase","https://www.googleapis.com/auth/cloud-platform"]
[debug] [2025-05-19T17:25:00.266Z] > authorizing via signed-in user (uttekarsiddhi145@gmail.com)
[info] 
     ######## #### ########  ######## ########     ###     ######  ########
     ##        ##  ##     ## ##       ##     ##  ##   ##  ##       ##
     ######    ##  ########  ######   ########  #########  ######  ######
     ##        ##  ##    ##  ##       ##     ## ##     ##       ## ##
     ##       #### ##     ## ######## ########  ##     ##  ######  ########

You're about to initialize a Firebase project in this directory:

  C:\Users\uttek\Desktop\Github\JeevanAI

[debug] [2025-05-19T17:25:00.969Z] <<< [apiv2][status] GET https://firebase-public.firebaseio.com/cli.json 200
[debug] [2025-05-19T17:25:00.969Z] <<< [apiv2][body] GET https://firebase-public.firebaseio.com/cli.json {"cloudBuildErrorAfter":1594252800000,"cloudBuildWarnAfter":1590019200000,"defaultNode10After":1594252800000,"minVersion":"3.0.5","node8DeploysDisabledAfter":1613390400000,"node8RuntimeDisabledAfter":1615809600000,"node8WarnAfter":1600128000000}
[info] 
=== Project Setup
[info] 
[info] First, let's associate this project directory with a Firebase project.
[info] You can create multiple project aliases by running firebase use --add, 
[info] but for now we'll just set up a default project.
[info] 
[info] i  If you want to create a project in a Google Cloud organization or folder, please use "firebase projects:create" instead, and return to this command when you've created the project. 
[debug] [2025-05-19T17:25:27.426Z] Checked if tokens are valid: false, expires at: 1738870864798
[debug] [2025-05-19T17:25:27.426Z] Checked if tokens are valid: false, expires at: 1738870864798
[debug] [2025-05-19T17:25:27.427Z] > refreshing access token with scopes: []
[debug] [2025-05-19T17:25:27.428Z] >>> [apiv2][query] POST https://www.googleapis.com/oauth2/v3/token [none]
[debug] [2025-05-19T17:25:27.428Z] >>> [apiv2][body] POST https://www.googleapis.com/oauth2/v3/token [omitted]
[debug] [2025-05-19T17:25:29.028Z] <<< [apiv2][status] POST https://www.googleapis.com/oauth2/v3/token 200
[debug] [2025-05-19T17:25:29.028Z] <<< [apiv2][body] POST https://www.googleapis.com/oauth2/v3/token [omitted]
[debug] [2025-05-19T17:25:29.047Z] >>> [apiv2][query] POST https://cloudresourcemanager.googleapis.com/v1/projects [none]
[debug] [2025-05-19T17:25:29.048Z] >>> [apiv2][body] POST https://cloudresourcemanager.googleapis.com/v1/projects {"projectId":"jeevanAi","name":"jeevanAi"}
[debug] [2025-05-19T17:25:30.662Z] <<< [apiv2][status] POST https://cloudresourcemanager.googleapis.com/v1/projects 400
[debug] [2025-05-19T17:25:30.663Z] <<< [apiv2][body] POST https://cloudresourcemanager.googleapis.com/v1/projects {"error":{"code":400,"message":"field [project_id] has issue [project_id contains invalid characters]","status":"INVALID_ARGUMENT","details":[{"@type":"type.googleapis.com/google.rpc.BadRequest","fieldViolations":[{"field":"project_id","description":"project_id contains invalid characters"}]},{"@type":"type.googleapis.com/google.rpc.Help","links":[{"url":"https://cloud.google.com/resource-manager/reference/rest/v1/projects"}]}]}}
[debug] [2025-05-19T17:25:30.865Z] FirebaseError: Request to https://cloudresourcemanager.googleapis.com/v1/projects had HTTP Error: 400, field [project_id] has issue [project_id contains invalid characters]
    at responseToError (C:\Users\uttek\AppData\Roaming\npm\node_modules\firebase-tools\lib\responseToError.js:52:12)
    at RetryOperation._fn (C:\Users\uttek\AppData\Roaming\npm\node_modules\firebase-tools\lib\apiv2.js:312:77)
    at process.processTicksAndRejections (node:internal/process/task_queues:105:5)
[error] 
[error] Error: Failed to create project. See firebase-debug.log for more info.
[debug] [2025-05-19T17:25:45.808Z] ----------------------------------------------------------------------
[debug] [2025-05-19T17:25:45.811Z] Command:       C:\Program Files\nodejs\node.exe C:\Users\uttek\AppData\Roaming\npm\node_modules\firebase-tools\lib\bin\firebase.js init hosting
[debug] [2025-05-19T17:25:45.811Z] CLI Version:   14.4.0
[debug] [2025-05-19T17:25:45.811Z] Platform:      win32
[debug] [2025-05-19T17:25:45.812Z] Node Version:  v24.0.1
[debug] [2025-05-19T17:25:45.812Z] Time:          Mon May 19 2025 22:55:45 GMT+0530 (India Standard Time)
[debug] [2025-05-19T17:25:45.812Z] ----------------------------------------------------------------------
[debug] 
[debug] [2025-05-19T17:25:45.819Z] > command requires scopes: ["email","openid","https://www.googleapis.com/auth/cloudplatformprojects.readonly","https://www.googleapis.com/auth/firebase","https://www.googleapis.com/auth/cloud-platform"]
[debug] [2025-05-19T17:25:45.819Z] > authorizing via signed-in user (uttekarsiddhi145@gmail.com)
[info] 
     ######## #### ########  ######## ########     ###     ######  ########
     ##        ##  ##     ## ##       ##     ##  ##   ##  ##       ##
     ######    ##  ########  ######   ########  #########  ######  ######
     ##        ##  ##    ##  ##       ##     ## ##     ##       ## ##
     ##       #### ##     ## ######## ########  ##     ##  ######  ########

You're about to initialize a Firebase project in this directory:

  C:\Users\uttek\Desktop\Github\JeevanAI

[info] 
=== Project Setup
[info] 
[info] First, let's associate this project directory with a Firebase project.
[info] You can create multiple project aliases by running firebase use --add, 
[info] but for now we'll just set up a default project.
[info] 
[debug] [2025-05-19T17:25:49.381Z] Checked if tokens are valid: true, expires at: 1747679128028
[debug] [2025-05-19T17:25:49.382Z] Checked if tokens are valid: true, expires at: 1747679128028
[debug] [2025-05-19T17:25:49.383Z] >>> [apiv2][query] GET https://firebase.googleapis.com/v1beta1/projects pageSize=100
[debug] [2025-05-19T17:25:50.433Z] <<< [apiv2][status] GET https://firebase.googleapis.com/v1beta1/projects 200
[debug] [2025-05-19T17:25:50.433Z] <<< [apiv2][body] GET https://firebase.googleapis.com/v1beta1/projects [omitted]
[info] i  Using project studentdashboard-1020e (studentDashboard) 
[info] 
=== Hosting Setup
[debug] [2025-05-19T17:25:57.143Z] Checked if tokens are valid: true, expires at: 1747679128028
[debug] [2025-05-19T17:25:57.143Z] Checked if tokens are valid: true, expires at: 1747679128028
[debug] [2025-05-19T17:25:57.143Z] >>> [apiv2][query] GET https://firebase.googleapis.com/v1beta1/projects/studentdashboard-1020e [none]
[debug] [2025-05-19T17:25:57.869Z] <<< [apiv2][status] GET https://firebase.googleapis.com/v1beta1/projects/studentdashboard-1020e 200
[debug] [2025-05-19T17:25:57.869Z] <<< [apiv2][body] GET https://firebase.googleapis.com/v1beta1/projects/studentdashboard-1020e {"projectId":"studentdashboard-1020e","projectNumber":"837356569687","displayName":"studentDashboard","name":"projects/studentdashboard-1020e","resources":{"hostingSite":"studentdashboard-1020e"},"state":"ACTIVE","etag":"1_697460ff-b290-4227-918a-bd5cf3da22a8"}
[info] 
[info] Your public directory is the folder (relative to your project directory) that
[info] will contain Hosting assets to be uploaded with firebase deploy. If you
[info] have a build process for your assets, use your build's output directory.
[info] 
[debug] [2025-05-19T17:26:02.950Z] >>> [apiv2][query] GET https://www.gstatic.com/firebasejs/releases.json [none]
[debug] [2025-05-19T17:26:03.124Z] <<< [apiv2][status] GET https://www.gstatic.com/firebasejs/releases.json 200
[debug] [2025-05-19T17:26:03.124Z] <<< [apiv2][body] GET https://www.gstatic.com/firebasejs/releases.json {"current":{"version":"11.7.3","browserURL":"https://www.gstatic.com/firebasejs/11.7.3/firebase.js","packageURL":"https://www.gstatic.com/firebasejs/11.7.3/firebase.tgz"},"live":{"version":"11.7","browserURL":"https://www.gstatic.com/firebasejs/live/11.7/firebase.js","packageURL":"https://www.gstatic.com/firebasejs/live/11.7/firebase.tgz"},"components":{"analytics":"https://www.gstatic.com/firebasejs/11.7.3/firebase-analytics.js","app":"https://www.gstatic.com/firebasejs/11.7.3/firebase-app.js","app-check":"https://www.gstatic.com/firebasejs/11.7.3/firebase-app-check.js","auth":"https://www.gstatic.com/firebasejs/11.7.3/firebase-auth.js","auth/cordova":"https://www.gstatic.com/firebasejs/11.7.3/firebase-auth/cordova.js","auth/web-extension":"https://www.gstatic.com/firebasejs/11.7.3/firebase-auth/web-extension.js","functions":"https://www.gstatic.com/firebasejs/11.7.3/firebase-functions.js","firestore":"https://www.gstatic.com/firebasejs/11.7.3/firebase-firestore.js","firestore/lite":"https://www.gstatic.com/firebasejs/11.7.3/firebase-firestore/lite.js","installations":"https://www.gstatic.com/firebasejs/11.7.3/firebase-installations.js","storage":"https://www.gstatic.com/firebasejs/11.7.3/firebase-storage.js","performance":"https://www.gstatic.com/firebasejs/11.7.3/firebase-performance.js","remote-config":"https://www.gstatic.com/firebasejs/11.7.3/firebase-remote-config.js","messaging":"https://www.gstatic.com/firebasejs/11.7.3/firebase-messaging.js","messaging/sw":"https://www.gstatic.com/firebasejs/11.7.3/firebase-messaging/sw.js","database":"https://www.gstatic.com/firebasejs/11.7.3/firebase-database.js","vertexai":"https://www.gstatic.com/firebasejs/11.7.3/firebase-vertexai.js","data-connect":"https://www.gstatic.com/firebasejs/11.7.3/firebase-data-connect.js","firestore.memory":"https://www.gstatic.com/firebasejs/11.7.3/firebase-firestore.memory.js"}}
[info] +  Wrote y/index.html 
[info] 
[info] i  Detected a .git folder at C:\Users\uttek\Desktop\Github\JeevanAI 
[info] i  Authorizing with GitHub to upload your service account to a GitHub repository's secrets store. 
[info] 
[info] Visit this URL on this device to log in:
[info] https://github.com/login/oauth/authorize?client_id=89cf50f02ac6aaed3484&state=211745435&redirect_uri=http%3A%2F%2Flocalhost%3A9005&scope=read%3Auser%20repo%20public_repo
[info] 
[info] Waiting for authentication...
[debug] [2025-05-19T17:26:14.577Z] >>> [apiv2][query] POST https://github.com/login/oauth/access_token [none]
[debug] [2025-05-19T17:26:14.578Z] >>> [apiv2][body] POST https://github.com/login/oauth/access_token [stream]
[debug] [2025-05-19T17:26:15.207Z] <<< [apiv2][status] POST https://github.com/login/oauth/access_token 200
[debug] [2025-05-19T17:26:15.207Z] <<< [apiv2][body] POST https://github.com/login/oauth/access_token {"access_token":"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","token_type":"bearer","scope":"read:user,repo"}
[debug] [2025-05-19T17:26:15.216Z] >>> [apiv2][query] GET https://api.github.com/user [none]
[debug] [2025-05-19T17:26:15.736Z] <<< [apiv2][status] GET https://api.github.com/user 200
[debug] [2025-05-19T17:26:15.736Z] <<< [apiv2][body] GET https://api.github.com/user {"login":"Siddhi-Uttekar","id":158078551,"node_id":"U_kgDOCWwWVw","avatar_url":"https://avatars.githubusercontent.com/u/158078551?v=4","gravatar_id":"","url":"https://api.github.com/users/Siddhi-Uttekar","html_url":"https://github.com/Siddhi-Uttekar","followers_url":"https://api.github.com/users/Siddhi-Uttekar/followers","following_url":"https://api.github.com/users/Siddhi-Uttekar/following{/other_user}","gists_url":"https://api.github.com/users/Siddhi-Uttekar/gists{/gist_id}","starred_url":"https://api.github.com/users/Siddhi-Uttekar/starred{/owner}{/repo}","subscriptions_url":"https://api.github.com/users/Siddhi-Uttekar/subscriptions","organizations_url":"https://api.github.com/users/Siddhi-Uttekar/orgs","repos_url":"https://api.github.com/users/Siddhi-Uttekar/repos","events_url":"https://api.github.com/users/Siddhi-Uttekar/events{/privacy}","received_events_url":"https://api.github.com/users/Siddhi-Uttekar/received_events","type":"User","user_view_type":"private","site_admin":false,"name":"siddhi uttekar","company":null,"blog":"","location":"India","email":null,"hireable":null,"bio":"heyy!","twitter_username":null,"notification_email":null,"public_repos":44,"public_gists":0,"followers":5,"following":6,"created_at":"2024-01-29T16:42:38Z","updated_at":"2025-05-13T08:41:46Z","private_gists":0,"total_private_repos":8,"owned_private_repos":7,"disk_usage":281564,"collaborators":0,"two_factor_authentication":false,"plan":{"name":"free","space":976562499,"collaborators":0,"private_repos":10000}}
[info] 
[info] +  Success! Logged into GitHub as Siddhi-Uttekar 
[info] 
[debug] [2025-05-19T17:26:28.582Z] >>> [apiv2][query] GET https://api.github.com/repos/JeevanAi/actions/secrets/public-key type=owner
[debug] [2025-05-19T17:26:30.250Z] <<< [apiv2][status] GET https://api.github.com/repos/JeevanAi/actions/secrets/public-key 404
[debug] [2025-05-19T17:26:30.250Z] <<< [apiv2][body] GET https://api.github.com/repos/JeevanAi/actions/secrets/public-key {"message":"Not Found","documentation_url":"https://docs.github.com/rest","status":"404"}
[info] 
[info] 
[error] !  The provided authorization cannot be used with this repository. If this repository is in an organization, did you remember to grant access? 
[info] 
[info] i  Action required: Visit this URL to ensure access has been granted to the appropriate organization(s) for the Firebase CLI GitHub OAuth App: 
[info] https://github.com/settings/connections/applications/89cf50f02ac6aaed3484
[info] 
[debug] [2025-05-19T17:26:57.292Z] >>> [apiv2][query] GET https://api.github.com/repos//actions/secrets/public-key type=owner
[debug] [2025-05-19T17:26:57.819Z] <<< [apiv2][status] GET https://api.github.com/repos//actions/secrets/public-key 404
[debug] [2025-05-19T17:26:57.819Z] <<< [apiv2][body] GET https://api.github.com/repos//actions/secrets/public-key {"message":"Not Found","documentation_url":"https://docs.github.com/rest","status":"404"}
[info] 
[info] 
[error] !  The provided authorization cannot be used with this repository. If this repository is in an organization, did you remember to grant access? 
[info] 
[info] i  Action required: Visit this URL to ensure access has been granted to the appropriate organization(s) for the Firebase CLI GitHub OAuth App: 
[info] https://github.com/settings/connections/applications/89cf50f02ac6aaed3484
[info] 
